Using pre-set license
Built from '2022.3/release' branch; Version is '2022.3.20f1 (61c2feb0970d) revision 6406910'; Using compiler version '192829333'; Build Type 'Release'
OS: 'Windows 11  (10.0.22631) 64bit Core' Language: 'ko' Physical Memory: 15646 MB
BatchMode: 1, IsHumanControllingUs: 0, StartBugReporterOnCrash: 0, Is64bit: 1, IsPro: 1

COMMAND LINE ARGUMENTS:
C:\Program Files\Unity\Hub\Editor\2022.3.20f1\Editor\Unity.exe
-adb2
-batchMode
-noUpm
-name
AssetImportWorker0
-projectPath
C:/UnityProjects/Loop
-logFile
Logs/AssetImportWorker0.log
-srvPort
53007
Successfully changed project path to: C:/UnityProjects/Loop
C:/UnityProjects/Loop
[UnityMemory] Configuration Parameters - Can be set up in boot.config
    "memorysetup-bucket-allocator-granularity=16"
    "memorysetup-bucket-allocator-bucket-count=8"
    "memorysetup-bucket-allocator-block-size=33554432"
    "memorysetup-bucket-allocator-block-count=8"
    "memorysetup-main-allocator-block-size=16777216"
    "memorysetup-thread-allocator-block-size=16777216"
    "memorysetup-gfx-main-allocator-block-size=16777216"
    "memorysetup-gfx-thread-allocator-block-size=16777216"
    "memorysetup-cache-allocator-block-size=4194304"
    "memorysetup-typetree-allocator-block-size=2097152"
    "memorysetup-profiler-bucket-allocator-granularity=16"
    "memorysetup-profiler-bucket-allocator-bucket-count=8"
    "memorysetup-profiler-bucket-allocator-block-size=33554432"
    "memorysetup-profiler-bucket-allocator-block-count=8"
    "memorysetup-profiler-allocator-block-size=16777216"
    "memorysetup-profiler-editor-allocator-block-size=1048576"
    "memorysetup-temp-allocator-size-main=16777216"
    "memorysetup-job-temp-allocator-block-size=2097152"
    "memorysetup-job-temp-allocator-block-size-background=1048576"
    "memorysetup-job-temp-allocator-reduction-small-platforms=262144"
    "memorysetup-allocator-temp-initial-block-size-main=262144"
    "memorysetup-allocator-temp-initial-block-size-worker=262144"
    "memorysetup-temp-allocator-size-background-worker=32768"
    "memorysetup-temp-allocator-size-job-worker=262144"
    "memorysetup-temp-allocator-size-preload-manager=33554432"
    "memorysetup-temp-allocator-size-nav-mesh-worker=65536"
    "memorysetup-temp-allocator-size-audio-worker=65536"
    "memorysetup-temp-allocator-size-cloud-worker=32768"
    "memorysetup-temp-allocator-size-gi-baking-worker=262144"
    "memorysetup-temp-allocator-size-gfx=262144"
Player connection [31676] Host "[IP] 192.168.56.1 [Port] 0 [Flags] 2 [Guid] 3308883602 [EditorId] 3308883602 [Version] 1048832 [Id] WindowsEditor(7,coco) [Debug] 1 [PackageName] WindowsEditor [ProjectName] Editor" joined multi-casting on [225.0.0.222:54997]...

Player connection [31676] Host "[IP] 192.168.56.1 [Port] 0 [Flags] 2 [Guid] 3308883602 [EditorId] 3308883602 [Version] 1048832 [Id] WindowsEditor(7,coco) [Debug] 1 [PackageName] WindowsEditor [ProjectName] Editor" joined alternative multi-casting on [225.0.0.222:34997]...

[Physics::Module] Initialized MultithreadedJobDispatcher with 11 workers.
Refreshing native plugins compatible for Editor in 17.42 ms, found 3 plugins.
Preloading 0 native plugins for Editor in 0.00 ms.
Initialize engine version: 2022.3.20f1 (61c2feb0970d)
[Subsystems] Discovering subsystems at path C:/Program Files/Unity/Hub/Editor/2022.3.20f1/Editor/Data/Resources/UnitySubsystems
[Subsystems] Discovering subsystems at path C:/UnityProjects/Loop/Assets
GfxDevice: creating device client; threaded=0; jobified=0
Direct3D:
    Version:  Direct3D 11.0 [level 11.1]
    Renderer: AMD Radeon (TM) Graphics (ID=0x15e7)
    Vendor:   ATI
    VRAM:     7823 MB
    Driver:   31.0.21910.5
Initialize mono
Mono path[0] = 'C:/Program Files/Unity/Hub/Editor/2022.3.20f1/Editor/Data/Managed'
Mono path[1] = 'C:/Program Files/Unity/Hub/Editor/2022.3.20f1/Editor/Data/MonoBleedingEdge/lib/mono/unityjit-win32'
Mono config path = 'C:/Program Files/Unity/Hub/Editor/2022.3.20f1/Editor/Data/MonoBleedingEdge/etc'
Using monoOptions --debugger-agent=transport=dt_socket,embedding=1,server=y,suspend=n,address=127.0.0.1:56436
Begin MonoManager ReloadAssembly
Registering precompiled unity dll's ...
Register platform support module: C:/Program Files/Unity/Hub/Editor/2022.3.20f1/Editor/Data/PlaybackEngines/WebGLSupport/UnityEditor.WebGL.Extensions.dll
Register platform support module: C:/Program Files/Unity/Hub/Editor/2022.3.20f1/Editor/Data/PlaybackEngines/WindowsStandaloneSupport/UnityEditor.WindowsStandalone.Extensions.dll
Registered in 0.017095 seconds.
- Loaded All Assemblies, in  0.592 seconds
Native extension for WindowsStandalone target not found
Native extension for WebGL target not found
Mono: successfully reloaded assembly
- Finished resetting the current domain, in  0.434 seconds
Domain Reload Profiling: 1023ms
	BeginReloadAssembly (186ms)
		ExecutionOrderSort (0ms)
		DisableScriptedObjects (0ms)
		BackupInstance (0ms)
		ReleaseScriptingObjects (0ms)
		CreateAndSetChildDomain (1ms)
	RebuildCommonClasses (63ms)
	RebuildNativeTypeToScriptingClass (13ms)
	initialDomainReloadingComplete (99ms)
	LoadAllAssembliesAndSetupDomain (227ms)
		LoadAssemblies (177ms)
		RebuildTransferFunctionScriptingTraits (0ms)
		AnalyzeDomain (224ms)
			TypeCache.Refresh (222ms)
				TypeCache.ScanAssembly (203ms)
			ScanForSourceGeneratedMonoScriptInfo (0ms)
			ResolveRequiredComponents (1ms)
	FinalizeReload (435ms)
		ReleaseScriptCaches (0ms)
		RebuildScriptCaches (0ms)
		SetupLoadedEditorAssemblies (335ms)
			LogAssemblyErrors (0ms)
			InitializePlatformSupportModulesInManaged (19ms)
			SetLoadedEditorAssemblies (10ms)
			RefreshPlugins (0ms)
			BeforeProcessingInitializeOnLoad (3ms)
			ProcessInitializeOnLoadAttributes (229ms)
			ProcessInitializeOnLoadMethodAttributes (74ms)
			AfterProcessingInitializeOnLoad (0ms)
			EditorAssembliesLoaded (0ms)
		ExecutionOrderSort2 (0ms)
		AwakeInstancesAfterBackupRestoration (0ms)
========================================================================
Worker process is ready to serve import requests
Begin MonoManager ReloadAssembly
- Loaded All Assemblies, in  0.791 seconds
Refreshing native plugins compatible for Editor in 4.72 ms, found 3 plugins.
Native extension for WindowsStandalone target not found
Native extension for WebGL target not found
Package Manager log level set to [2]
[Package Manager] Server::EnsureServerProcessIsRunning -- launch failed, reason: Unity was launched with the -noUpm command-line argument
[Package Manager] UpmClient::Send -- Unable to send message (not connected to UPM process).
[Package Manager] Cannot connect to Unity Package Manager local server
Mono: successfully reloaded assembly
- Finished resetting the current domain, in  0.775 seconds
Domain Reload Profiling: 1561ms
	BeginReloadAssembly (193ms)
		ExecutionOrderSort (0ms)
		DisableScriptedObjects (7ms)
		BackupInstance (0ms)
		ReleaseScriptingObjects (0ms)
		CreateAndSetChildDomain (26ms)
	RebuildCommonClasses (37ms)
	RebuildNativeTypeToScriptingClass (10ms)
	initialDomainReloadingComplete (52ms)
	LoadAllAssembliesAndSetupDomain (494ms)
		LoadAssemblies (425ms)
		RebuildTransferFunctionScriptingTraits (0ms)
		AnalyzeDomain (183ms)
			TypeCache.Refresh (163ms)
				TypeCache.ScanAssembly (149ms)
			ScanForSourceGeneratedMonoScriptInfo (14ms)
			ResolveRequiredComponents (4ms)
	FinalizeReload (775ms)
		ReleaseScriptCaches (0ms)
		RebuildScriptCaches (0ms)
		SetupLoadedEditorAssemblies (591ms)
			LogAssemblyErrors (0ms)
			InitializePlatformSupportModulesInManaged (12ms)
			SetLoadedEditorAssemblies (5ms)
			RefreshPlugins (0ms)
			BeforeProcessingInitializeOnLoad (103ms)
			ProcessInitializeOnLoadAttributes (429ms)
			ProcessInitializeOnLoadMethodAttributes (28ms)
			AfterProcessingInitializeOnLoad (14ms)
			EditorAssembliesLoaded (0ms)
		ExecutionOrderSort2 (0ms)
		AwakeInstancesAfterBackupRestoration (11ms)
Launched and connected shader compiler UnityShaderCompiler.exe after 0.11 seconds
Refreshing native plugins compatible for Editor in 5.93 ms, found 3 plugins.
Preloading 0 native plugins for Editor in 0.00 ms.
Unloading 3105 Unused Serialized files (Serialized files now loaded: 0)
Unloading 32 unused Assets / (57.5 KB). Loaded Objects now: 3569.
Memory consumption went from 127.0 MB to 127.0 MB.
Total: 3.889700 ms (FindLiveObjects: 0.327100 ms CreateObjectMapping: 0.165200 ms MarkObjects: 3.269800 ms  DeleteObjects: 0.126400 ms)

AssetImportParameters requested are different than current active one (requested -> active):
  custom:container-demuxer-ogg: 62fdf1f143b41e24485cea50d1cbac27 -> 
  custom:video-codec-MediaFoundation-h265: 746d11721c4dcdbdad8f713fa42b33f4 -> 
  custom:video-decoder-ogg-theora: a1e56fd34408186e4bbccfd4996cb3dc -> 
  custom:framework-win-MediaFoundation: 216162199b28c13a410421893ffa2e32 -> 
  custom:CustomObjectIndexerAttribute: 6d391050e5a25f67b0a2c618074f2cd9 -> 
  custom:container-demuxer-webm: 4f35f7cbe854078d1ac9338744f61a02 -> 
  custom:container-muxer-webm: aa71ff27fc2769a1b78a27578f13a17b -> 
  custom:video-decoder-webm-vp8: 9c59270c3fd7afecdb556c50c9e8de78 -> 
  custom:SearchIndexIgnoredProperties: e643bd26f0fe6173181afceb89e7c659 -> 
  custom:AudioImporter_EditorPlatform: d09bf68614088b80899f8185d706f6e7 -> 
  custom:video-encoder-webm-vp8: eb34c28f22e8b96e1ab97ce403110664 -> 
  custom:audio-decoder-ogg-vorbis: bf7c407c2cedff20999df2af8eb42d56 -> 
  custom:audio-encoder-webm-vorbis: bf7c407c2cedff20999df2af8eb42d56 -> 
========================================================================
Received Import Request.
  Time since last request: 1753375.299300 seconds.
  path: Assets/Scripts/ScrollButton/ScrollButton.cs
  artifactKey: Guid(b51c12e55a0f3e7448f5b7c2c5a226c0) Importer(815301076,1909f56bfc062723c751e8b465ee728b)
Start importing Assets/Scripts/ScrollButton/ScrollButton.cs using Guid(b51c12e55a0f3e7448f5b7c2c5a226c0) Importer(815301076,1909f56bfc062723c751e8b465ee728b)  -> (artifact id: '3cdf4134a1f6d7c2b896a98eb2f4d741') in 0.002532 seconds
Number of updated asset objects reloaded before import = 0
Number of asset objects unloaded after import = 0
========================================================================
Received Import Request.
  Time since last request: 1.434658 seconds.
  path: Assets/Scripts/ScrollButton/ScrollViewSystem.cs
  artifactKey: Guid(ba014d2fa1d3a74499aed2f02a39ce75) Importer(815301076,1909f56bfc062723c751e8b465ee728b)
Start importing Assets/Scripts/ScrollButton/ScrollViewSystem.cs using Guid(ba014d2fa1d3a74499aed2f02a39ce75) Importer(815301076,1909f56bfc062723c751e8b465ee728b)  -> (artifact id: '9eb37241671f4fbd8cc98d759def2837') in 0.000681 seconds
Number of updated asset objects reloaded before import = 0
Number of asset objects unloaded after import = 0
========================================================================
Received Import Request.
  Time since last request: 5.604373 seconds.
  path: Assets/UI/엔딩리스트/게시판 비네팅.png
  artifactKey: Guid(f6d23c11d3ceda648a5dfb13ea8db390) Importer(815301076,1909f56bfc062723c751e8b465ee728b)
Start importing Assets/UI/엔딩리스트/게시판 비네팅.png using Guid(f6d23c11d3ceda648a5dfb13ea8db390) Importer(815301076,1909f56bfc062723c751e8b465ee728b)  -> (artifact id: 'dd7462a0d93b5402fa3021fd69db25c9') in 0.166988 seconds
Number of updated asset objects reloaded before import = 0
Number of asset objects unloaded after import = 3
========================================================================
Received Import Request.
  Time since last request: 0.758962 seconds.
  path: Assets/UI/플로우차트/1A_계단으로 내려간다.png
  artifactKey: Guid(69582a9113e87ab40902a72b8db070ba) Importer(815301076,1909f56bfc062723c751e8b465ee728b)
Start importing Assets/UI/플로우차트/1A_계단으로 내려간다.png using Guid(69582a9113e87ab40902a72b8db070ba) Importer(815301076,1909f56bfc062723c751e8b465ee728b)  -> (artifact id: 'd53f527f16c32416b0084e17ae1714b1') in 0.017570 seconds
Number of updated asset objects reloaded before import = 0
Number of asset objects unloaded after import = 3
========================================================================
Received Import Request.
  Time since last request: 0.222911 seconds.
  path: Assets/UI/플로우차트/2B_발코니.png
  artifactKey: Guid(5e854c3bff98a9b4388a846fa26c3236) Importer(815301076,1909f56bfc062723c751e8b465ee728b)
Start importing Assets/UI/플로우차트/2B_발코니.png using Guid(5e854c3bff98a9b4388a846fa26c3236) Importer(815301076,1909f56bfc062723c751e8b465ee728b)  -> (artifact id: 'b17e0c2c74f8c1797c48f4cb8d242590') in 0.047572 seconds
Number of updated asset objects reloaded before import = 0
Number of asset objects unloaded after import = 3
========================================================================
Received Import Request.
  Time since last request: 0.000030 seconds.
  path: Assets/UI/플로우차트/7AB_7BB_집으로.png
  artifactKey: Guid(e5fd50db50837c843926fd9165169ba6) Importer(815301076,1909f56bfc062723c751e8b465ee728b)
Start importing Assets/UI/플로우차트/7AB_7BB_집으로.png using Guid(e5fd50db50837c843926fd9165169ba6) Importer(815301076,1909f56bfc062723c751e8b465ee728b)  -> (artifact id: '8c00634e985f96a71b60e659e6a5bdbc') in 0.027363 seconds
Number of updated asset objects reloaded before import = 0
Number of asset objects unloaded after import = 3
========================================================================
Received Import Request.
  Time since last request: 0.000080 seconds.
  path: Assets/UI/플로우차트/텍스트X층수판.png
  artifactKey: Guid(2362ff5673eb7cd48ba17b526e12e110) Importer(815301076,1909f56bfc062723c751e8b465ee728b)
Start importing Assets/UI/플로우차트/텍스트X층수판.png using Guid(2362ff5673eb7cd48ba17b526e12e110) Importer(815301076,1909f56bfc062723c751e8b465ee728b)  -> (artifact id: '2cc05c192286148ba31795111513e019') in 0.033654 seconds
Number of updated asset objects reloaded before import = 0
Number of asset objects unloaded after import = 3
========================================================================
Received Import Request.
  Time since last request: 0.000021 seconds.
  path: Assets/UI/플로우차트/아침.png
  artifactKey: Guid(25ab9c9cdb0e46349883bee952fdc956) Importer(815301076,1909f56bfc062723c751e8b465ee728b)
Start importing Assets/UI/플로우차트/아침.png using Guid(25ab9c9cdb0e46349883bee952fdc956) Importer(815301076,1909f56bfc062723c751e8b465ee728b)  -> (artifact id: 'ecba7fa33b4003aa6dcafa0878047f81') in 0.037410 seconds
Number of updated asset objects reloaded before import = 0
Number of asset objects unloaded after import = 3
========================================================================
Received Import Request.
  Time since last request: 0.000018 seconds.
  path: Assets/UI/플로우차트/2A_방으로.png
  artifactKey: Guid(51ef234c7f0e32b4bb3b152a516b64f0) Importer(815301076,1909f56bfc062723c751e8b465ee728b)
Start importing Assets/UI/플로우차트/2A_방으로.png using Guid(51ef234c7f0e32b4bb3b152a516b64f0) Importer(815301076,1909f56bfc062723c751e8b465ee728b)  -> (artifact id: '6e63cb4321fb239478aa6152d200468a') in 0.049607 seconds
Number of updated asset objects reloaded before import = 0
Number of asset objects unloaded after import = 3
========================================================================
Received Import Request.
  Time since last request: 0.000024 seconds.
  path: Assets/UI/플로우차트/불꺼진층수판_2.png
  artifactKey: Guid(5f2fea274499ad84987a61cdd17d83b1) Importer(815301076,1909f56bfc062723c751e8b465ee728b)
Start importing Assets/UI/플로우차트/불꺼진층수판_2.png using Guid(5f2fea274499ad84987a61cdd17d83b1) Importer(815301076,1909f56bfc062723c751e8b465ee728b)  -> (artifact id: 'effa8ee6e6fbb41d25c5c8f344ec2ff0') in 0.047834 seconds
Number of updated asset objects reloaded before import = 0
Number of asset objects unloaded after import = 3
========================================================================
Received Import Request.
  Time since last request: 0.000019 seconds.
  path: Assets/UI/플로우차트/4A_포기.png
  artifactKey: Guid(8fe9b000380915848b445163e4cf4f9b) Importer(815301076,1909f56bfc062723c751e8b465ee728b)
Start importing Assets/UI/플로우차트/4A_포기.png using Guid(8fe9b000380915848b445163e4cf4f9b) Importer(815301076,1909f56bfc062723c751e8b465ee728b)  -> (artifact id: 'a5850b5e774c20bab166566333a404d0') in 0.030427 seconds
Number of updated asset objects reloaded before import = 0
Number of asset objects unloaded after import = 3
========================================================================
Received Import Request.
  Time since last request: 0.000024 seconds.
  path: Assets/UI/플로우차트/불꺼진층수판.png
  artifactKey: Guid(0ce701ab96141c549a39a9df55ff2929) Importer(815301076,1909f56bfc062723c751e8b465ee728b)
Start importing Assets/UI/플로우차트/불꺼진층수판.png using Guid(0ce701ab96141c549a39a9df55ff2929) Importer(815301076,1909f56bfc062723c751e8b465ee728b)  -> (artifact id: '467349ba14d6929b5a847ff388b89718') in 0.038386 seconds
Number of updated asset objects reloaded before import = 0
Number of asset objects unloaded after import = 3
========================================================================
Received Import Request.
  Time since last request: 0.000037 seconds.
  path: Assets/UI/플로우차트/오프닝.png
  artifactKey: Guid(085703e40d00ca54a818ab9b548eccb5) Importer(815301076,1909f56bfc062723c751e8b465ee728b)
Start importing Assets/UI/플로우차트/오프닝.png using Guid(085703e40d00ca54a818ab9b548eccb5) Importer(815301076,1909f56bfc062723c751e8b465ee728b)  -> (artifact id: '873d46e1b5285b3867f168e65f53c51b') in 0.026110 seconds
Number of updated asset objects reloaded before import = 0
Number of asset objects unloaded after import = 3
========================================================================
Received Import Request.
  Time since last request: 0.000023 seconds.
  path: Assets/UI/플로우차트/배경화면.png
  artifactKey: Guid(863f0dceaa7fa5646bc5c27d78b1db2b) Importer(815301076,1909f56bfc062723c751e8b465ee728b)
Start importing Assets/UI/플로우차트/배경화면.png using Guid(863f0dceaa7fa5646bc5c27d78b1db2b) Importer(815301076,1909f56bfc062723c751e8b465ee728b)  -> (artifact id: '908a178a20c884b920334e5f2a3488f2') in 0.044259 seconds
Number of updated asset objects reloaded before import = 0
Number of asset objects unloaded after import = 3
========================================================================
Received Import Request.
  Time since last request: 0.995867 seconds.
  path: Assets/UI/70p.png
  artifactKey: Guid(a22ba278748018444aab8a5aa49540d6) Importer(815301076,1909f56bfc062723c751e8b465ee728b)
Start importing Assets/UI/70p.png using Guid(a22ba278748018444aab8a5aa49540d6) Importer(815301076,1909f56bfc062723c751e8b465ee728b)  -> (artifact id: '85d4b7a774c41201f8e59cad4c725177') in 0.043735 seconds
Number of updated asset objects reloaded before import = 0
Number of asset objects unloaded after import = 3
========================================================================
Received Import Request.
  Time since last request: 0.000085 seconds.
  path: Assets/UI/삼각 ㄷ.png
  artifactKey: Guid(4f49ca24036e847499c9b5bb9447fa6d) Importer(815301076,1909f56bfc062723c751e8b465ee728b)
Start importing Assets/UI/삼각 ㄷ.png using Guid(4f49ca24036e847499c9b5bb9447fa6d) Importer(815301076,1909f56bfc062723c751e8b465ee728b)  -> (artifact id: 'c047b4fea9eac00d425eee8b54aae5d7') in 0.053192 seconds
Number of updated asset objects reloaded before import = 0
Number of asset objects unloaded after import = 3
========================================================================
Received Import Request.
  Time since last request: 0.000202 seconds.
  path: Assets/UI/HARDTACK.png
  artifactKey: Guid(14a027139e6c2a441aab4b52a01c9736) Importer(815301076,1909f56bfc062723c751e8b465ee728b)
Start importing Assets/UI/HARDTACK.png using Guid(14a027139e6c2a441aab4b52a01c9736) Importer(815301076,1909f56bfc062723c751e8b465ee728b)  -> (artifact id: '18dc1266341e4488d76f2f84112e4078') in 0.059138 seconds
Number of updated asset objects reloaded before import = 0
Number of asset objects unloaded after import = 3
========================================================================
Received Import Request.
  Time since last request: 0.000040 seconds.
  path: Assets/UI/루프선택지-02.png
  artifactKey: Guid(4035210afb59d1f46b406e083aad7abf) Importer(815301076,1909f56bfc062723c751e8b465ee728b)
Start importing Assets/UI/루프선택지-02.png using Guid(4035210afb59d1f46b406e083aad7abf) Importer(815301076,1909f56bfc062723c751e8b465ee728b)  -> (artifact id: '8c0b089f8c6ed4881ade260242b2f73d') in 0.035148 seconds
Number of updated asset objects reloaded before import = 0
Number of asset objects unloaded after import = 3
========================================================================
Received Import Request.
  Time since last request: 0.000044 seconds.
  path: Assets/UI/세줄삼각.png
  artifactKey: Guid(c60f509fdcf4aff4582edeff5d8c6f60) Importer(815301076,1909f56bfc062723c751e8b465ee728b)
Start importing Assets/UI/세줄삼각.png using Guid(c60f509fdcf4aff4582edeff5d8c6f60) Importer(815301076,1909f56bfc062723c751e8b465ee728b)  -> (artifact id: '5c425a58e5697c48b678738c126d2767') in 0.076252 seconds
Number of updated asset objects reloaded before import = 0
Number of asset objects unloaded after import = 3
