Using pre-set license
Built from '2022.3/release' branch; Version is '2022.3.20f1 (61c2feb0970d) revision 6406910'; Using compiler version '192829333'; Build Type 'Release'
OS: 'Windows 11  (10.0.22631) 64bit Core' Language: 'ko' Physical Memory: 15646 MB
BatchMode: 1, IsHumanControllingUs: 0, StartBugReporterOnCrash: 0, Is64bit: 1, IsPro: 1

COMMAND LINE ARGUMENTS:
C:\Program Files\Unity\Hub\Editor\2022.3.20f1\Editor\Unity.exe
-adb2
-batchMode
-noUpm
-name
AssetImportWorker5
-projectPath
C:/UnityProjects/Loop
-logFile
Logs/AssetImportWorker5.log
-srvPort
56173
Successfully changed project path to: C:/UnityProjects/Loop
C:/UnityProjects/Loop
[UnityMemory] Configuration Parameters - Can be set up in boot.config
    "memorysetup-bucket-allocator-granularity=16"
    "memorysetup-bucket-allocator-bucket-count=8"
    "memorysetup-bucket-allocator-block-size=33554432"
    "memorysetup-bucket-allocator-block-count=8"
    "memorysetup-main-allocator-block-size=16777216"
    "memorysetup-thread-allocator-block-size=16777216"
    "memorysetup-gfx-main-allocator-block-size=16777216"
    "memorysetup-gfx-thread-allocator-block-size=16777216"
    "memorysetup-cache-allocator-block-size=4194304"
    "memorysetup-typetree-allocator-block-size=2097152"
    "memorysetup-profiler-bucket-allocator-granularity=16"
    "memorysetup-profiler-bucket-allocator-bucket-count=8"
    "memorysetup-profiler-bucket-allocator-block-size=33554432"
    "memorysetup-profiler-bucket-allocator-block-count=8"
    "memorysetup-profiler-allocator-block-size=16777216"
    "memorysetup-profiler-editor-allocator-block-size=1048576"
    "memorysetup-temp-allocator-size-main=16777216"
    "memorysetup-job-temp-allocator-block-size=2097152"
    "memorysetup-job-temp-allocator-block-size-background=1048576"
    "memorysetup-job-temp-allocator-reduction-small-platforms=262144"
    "memorysetup-allocator-temp-initial-block-size-main=262144"
    "memorysetup-allocator-temp-initial-block-size-worker=262144"
    "memorysetup-temp-allocator-size-background-worker=32768"
    "memorysetup-temp-allocator-size-job-worker=262144"
    "memorysetup-temp-allocator-size-preload-manager=33554432"
    "memorysetup-temp-allocator-size-nav-mesh-worker=65536"
    "memorysetup-temp-allocator-size-audio-worker=65536"
    "memorysetup-temp-allocator-size-cloud-worker=32768"
    "memorysetup-temp-allocator-size-gi-baking-worker=262144"
    "memorysetup-temp-allocator-size-gfx=262144"
Player connection [77020] Host "[IP] 192.168.56.1 [Port] 0 [Flags] 2 [Guid] 4134205666 [EditorId] 4134205666 [Version] 1048832 [Id] WindowsEditor(7,coco) [Debug] 1 [PackageName] WindowsEditor [ProjectName] Editor" joined multi-casting on [225.0.0.222:54997]...

Player connection [77020] Host "[IP] 192.168.56.1 [Port] 0 [Flags] 2 [Guid] 4134205666 [EditorId] 4134205666 [Version] 1048832 [Id] WindowsEditor(7,coco) [Debug] 1 [PackageName] WindowsEditor [ProjectName] Editor" joined alternative multi-casting on [225.0.0.222:34997]...

[Physics::Module] Initialized MultithreadedJobDispatcher with 11 workers.
Refreshing native plugins compatible for Editor in 14.02 ms, found 3 plugins.
Preloading 0 native plugins for Editor in 0.00 ms.
Initialize engine version: 2022.3.20f1 (61c2feb0970d)
[Subsystems] Discovering subsystems at path C:/Program Files/Unity/Hub/Editor/2022.3.20f1/Editor/Data/Resources/UnitySubsystems
[Subsystems] Discovering subsystems at path C:/UnityProjects/Loop/Assets
GfxDevice: creating device client; threaded=0; jobified=0
Direct3D:
    Version:  Direct3D 11.0 [level 11.1]
    Renderer: AMD Radeon (TM) Graphics (ID=0x15e7)
    Vendor:   ATI
    VRAM:     7823 MB
    Driver:   31.0.21910.5
Initialize mono
Mono path[0] = 'C:/Program Files/Unity/Hub/Editor/2022.3.20f1/Editor/Data/Managed'
Mono path[1] = 'C:/Program Files/Unity/Hub/Editor/2022.3.20f1/Editor/Data/MonoBleedingEdge/lib/mono/unityjit-win32'
Mono config path = 'C:/Program Files/Unity/Hub/Editor/2022.3.20f1/Editor/Data/MonoBleedingEdge/etc'
Using monoOptions --debugger-agent=transport=dt_socket,embedding=1,server=y,suspend=n,address=127.0.0.1:56284
Begin MonoManager ReloadAssembly
Registering precompiled unity dll's ...
Register platform support module: C:/Program Files/Unity/Hub/Editor/2022.3.20f1/Editor/Data/PlaybackEngines/WebGLSupport/UnityEditor.WebGL.Extensions.dll
Register platform support module: C:/Program Files/Unity/Hub/Editor/2022.3.20f1/Editor/Data/PlaybackEngines/WindowsStandaloneSupport/UnityEditor.WindowsStandalone.Extensions.dll
Registered in 0.012165 seconds.
- Loaded All Assemblies, in  0.492 seconds
Native extension for WindowsStandalone target not found
Native extension for WebGL target not found
Mono: successfully reloaded assembly
- Finished resetting the current domain, in  0.321 seconds
Domain Reload Profiling: 810ms
	BeginReloadAssembly (126ms)
		ExecutionOrderSort (0ms)
		DisableScriptedObjects (0ms)
		BackupInstance (0ms)
		ReleaseScriptingObjects (0ms)
		CreateAndSetChildDomain (1ms)
	RebuildCommonClasses (37ms)
	RebuildNativeTypeToScriptingClass (11ms)
	initialDomainReloadingComplete (96ms)
	LoadAllAssembliesAndSetupDomain (218ms)
		LoadAssemblies (123ms)
		RebuildTransferFunctionScriptingTraits (0ms)
		AnalyzeDomain (215ms)
			TypeCache.Refresh (213ms)
				TypeCache.ScanAssembly (194ms)
			ScanForSourceGeneratedMonoScriptInfo (0ms)
			ResolveRequiredComponents (1ms)
	FinalizeReload (321ms)
		ReleaseScriptCaches (0ms)
		RebuildScriptCaches (0ms)
		SetupLoadedEditorAssemblies (250ms)
			LogAssemblyErrors (0ms)
			InitializePlatformSupportModulesInManaged (15ms)
			SetLoadedEditorAssemblies (7ms)
			RefreshPlugins (0ms)
			BeforeProcessingInitializeOnLoad (2ms)
			ProcessInitializeOnLoadAttributes (175ms)
			ProcessInitializeOnLoadMethodAttributes (51ms)
			AfterProcessingInitializeOnLoad (0ms)
			EditorAssembliesLoaded (0ms)
		ExecutionOrderSort2 (0ms)
		AwakeInstancesAfterBackupRestoration (0ms)
========================================================================
Worker process is ready to serve import requests
Begin MonoManager ReloadAssembly
- Loaded All Assemblies, in  0.742 seconds
Refreshing native plugins compatible for Editor in 4.50 ms, found 3 plugins.
Native extension for WindowsStandalone target not found
Native extension for WebGL target not found
Package Manager log level set to [2]
[Package Manager] Server::EnsureServerProcessIsRunning -- launch failed, reason: Unity was launched with the -noUpm command-line argument
[Package Manager] UpmClient::Send -- Unable to send message (not connected to UPM process).
[Package Manager] Cannot connect to Unity Package Manager local server
Mono: successfully reloaded assembly
- Finished resetting the current domain, in  0.620 seconds
Domain Reload Profiling: 1357ms
	BeginReloadAssembly (205ms)
		ExecutionOrderSort (0ms)
		DisableScriptedObjects (6ms)
		BackupInstance (0ms)
		ReleaseScriptingObjects (0ms)
		CreateAndSetChildDomain (29ms)
	RebuildCommonClasses (41ms)
	RebuildNativeTypeToScriptingClass (12ms)
	initialDomainReloadingComplete (54ms)
	LoadAllAssembliesAndSetupDomain (425ms)
		LoadAssemblies (370ms)
		RebuildTransferFunctionScriptingTraits (0ms)
		AnalyzeDomain (186ms)
			TypeCache.Refresh (165ms)
				TypeCache.ScanAssembly (150ms)
			ScanForSourceGeneratedMonoScriptInfo (15ms)
			ResolveRequiredComponents (4ms)
	FinalizeReload (621ms)
		ReleaseScriptCaches (0ms)
		RebuildScriptCaches (0ms)
		SetupLoadedEditorAssemblies (456ms)
			LogAssemblyErrors (0ms)
			InitializePlatformSupportModulesInManaged (8ms)
			SetLoadedEditorAssemblies (5ms)
			RefreshPlugins (0ms)
			BeforeProcessingInitializeOnLoad (68ms)
			ProcessInitializeOnLoadAttributes (340ms)
			ProcessInitializeOnLoadMethodAttributes (21ms)
			AfterProcessingInitializeOnLoad (13ms)
			EditorAssembliesLoaded (0ms)
		ExecutionOrderSort2 (0ms)
		AwakeInstancesAfterBackupRestoration (9ms)
Launched and connected shader compiler UnityShaderCompiler.exe after 0.10 seconds
Refreshing native plugins compatible for Editor in 5.30 ms, found 3 plugins.
Preloading 0 native plugins for Editor in 0.00 ms.
Unloading 3105 Unused Serialized files (Serialized files now loaded: 0)
Unloading 32 unused Assets / (57.4 KB). Loaded Objects now: 3569.
Memory consumption went from 127.1 MB to 127.0 MB.
Total: 3.566900 ms (FindLiveObjects: 0.312300 ms CreateObjectMapping: 0.125200 ms MarkObjects: 2.995700 ms  DeleteObjects: 0.132300 ms)

AssetImportParameters requested are different than current active one (requested -> active):
  custom:scripting/monoscript/fileName/UnityObjectsMemoryInEditorSummaryModelBuilder.cs: 5a0432e0ad349999251942c858fff4df -> 
  custom:scripting/monoscript/fileName/Common.cs: 6ffc11e45ee8ab7a7d4178988978e63b -> 
  custom:scripting/monoscript/fileName/uint3x3.gen.cs: b354ea0e62ee3ca695eba400f73bf8a2 -> 
  custom:scripting/monoscript/fileName/BurstCompiler.cs: 7b21670e31210e9f8a136d10cb1b9317 -> 
  custom:scripting/monoscript/fileName/Deprecated.cs: 6d0ac89cd9b4b8eb26eaed33e326a054 -> 
  custom:scripting/monoscript/fileName/double4.gen.cs: c861322ff5ab8c01e3e4b508791cf124 -> 
  custom:scripting/monoscript/fileName/BurstDisassembler.Core.Wasm.info.cs: b15d06942db1ac71042be253eef84e7f -> 
  custom:scripting/monoscript/fileName/DynamicArray.cs: 5e2ab9cfe81e04de31d18dbafae66b8c -> 
  custom:scripting/monoscript/fileName/GenericMemorySummaryViewController.cs: aaa5b2cc4a1a56c51391f0a16d242cf2 -> 
  custom:scripting/monoscript/fileName/rigid_transform.cs: 36bbdd985ffacdf5ee0745cfd3a1f08d -> 
  custom:scripting/monoscript/fileName/CollectionsAllocationExamples.cs: 72ea6f1c8990c690aca4410bcc8d43b6 -> 
  custom:scripting/monoscript/fileName/PathHelpers.cs: c6c33812759a66d8af4c227247c882dd -> 
  custom:scripting/monoscript/fileName/FixedList.gen.cs: 61852e4544d489e0d5903eb98b98e308 -> 
  custom:scripting/monoscript/fileName/IAnalyticsService.cs: 41825b41d0261bd76c72bdec53f479ce -> 
  custom:scripting/monoscript/fileName/PropertyAttributes.cs: f9be6ff8022c2b7e9364b782f234d192 -> 
  custom:scripting/monoscript/fileName/BurstInspectorGUI.cs: 3b3371d5330c1720f59a915caa210691 -> 
  custom:scripting/monoscript/fileName/CaptureToolbarViewController.cs: 6f139295f0b2cdf6523ba8fb9466ee66 -> 
  custom:scripting/monoscript/fileName/Aliasing.cs: fa54b7e36cebab64c6f4b438ce5bbbb0 -> 
  custom:scripting/monoscript/fileName/BurstAotCompiler.cs: a41b7d0d053e0898c09eec7c4f1c3c21 -> 
  custom:scripting/monoscript/fileName/uint4x4.gen.cs: 7732c53bd697b7eb03dd735297da0fc1 -> 
  custom:scripting/monoscript/fileName/NestedDynamicArray.cs: 849ed7f5b11c9db237ef61b01c5a5104 -> 
  custom:scripting/monoscript/fileName/ManagedMemorySummaryModelBuilder.cs: b4610f01c29899b8f2aa05ebbf57edf1 -> 
  custom:scripting/monoscript/fileName/ManagedConnection.cs: 44e973c07857c23f083288b3b2f1d7e0 -> 
  custom:container-demuxer-ogg: 62fdf1f143b41e24485cea50d1cbac27 -> 
  custom:scripting/monoscript/fileName/int2.gen.cs: ba08380188673eb89fbe6c63125635e5 -> 
  custom:scripting/monoscript/fileName/v64.cs: 73e2a46ccd31f5cae0a785e2a9658313 -> 
  custom:scripting/monoscript/fileName/Avx2.cs: 790f25d56fba1e7a48c0a0766c0ad6a6 -> 
  custom:scripting/monoscript/fileName/UnityObjectsModelBuilder.cs: d45a15d8ed1830757ae738d8b113e1ed -> 
  custom:scripting/monoscript/fileName/IFileReader.cs: 27e3606b867fee0a286a593f4f294d75 -> 
  custom:scripting/monoscript/fileName/BurstDisassembler.Core.x86.cs: b15d06942db1ac71042be253eef84e7f -> 
  custom:scripting/monoscript/fileName/SnapshotFilesListViewController.cs: c82e1907033bcc9e378c44536ed1c54f -> 
  custom:scripting/monoscript/fileName/FileSystemWatcherUnity.cs: bb425c2e30c7857fe914dc05e6fca287 -> 
  custom:scripting/monoscript/fileName/int4.gen.cs: 6202c51352f8408238811f81cf17884b -> 
  custom:scripting/monoscript/fileName/MemoryMapBreakdownModelBuilder.cs: 5e4574258c986fd9926fae0a10fbe171 -> 
  custom:scripting/monoscript/fileName/noise3D.cs: 2eb29bf877494e27d7b8d68303a33727 -> 
  custom:scripting/monoscript/fileName/SnapshotDataService.cs: de9dd86dd91c1669097d1bc1b37a0364 -> 
  custom:scripting/monoscript/fileName/BurstDisassembler.Core.LLVMIR.cs: b15d06942db1ac71042be253eef84e7f -> 
  custom:scripting/monoscript/fileName/ObjectConnection.cs: b23581a6c0da68f26c6db918beaa0730 -> 
  custom:scripting/monoscript/fileName/float4x2.gen.cs: a70cf4e9d29e9357ba0e68d3ee43ce34 -> 
  custom:scripting/monoscript/fileName/Bmi2.cs: 790f25d56fba1e7a48c0a0766c0ad6a6 -> 
  custom:scripting/monoscript/fileName/MetaDataHelpers.cs: 34e7f4d37f212f946ee71b7306c8462e -> 
  custom:scripting/monoscript/fileName/SimdDebugViews.cs: ee065a215655effb5244eeef3e220fd7 -> 
  custom:scripting/monoscript/fileName/SimpleDetailsViewController.cs: 999046fb09636f64a4e8256967f7528b -> 
  custom:scripting/monoscript/fileName/ObjectData.cs: 858e6c83060240c3d91b4e83b53ec7a3 -> 
  custom:video-codec-MediaFoundation-h265: 746d11721c4dcdbdad8f713fa42b33f4 -> 
  custom:scripting/monoscript/fileName/BurstDisassembler.Core.ARM64.cs: b15d06942db1ac71042be253eef84e7f -> 
  custom:scripting/monoscript/fileName/StaticFieldsCrawlerJobChunk.cs: ec55e8a2e3e6603e4634288e984187c2 -> 
  custom:scripting/monoscript/fileName/UnsafeScratchAllocator.cs: 4face5614d3825fa48ae79289f69aa1b -> 
  custom:scripting/monoscript/fileName/half3.gen.cs: 935b3c49f9c5126f28352e4a48406e0a -> 
  custom:scripting/monoscript/fileName/PlatformsHelper.cs: 5a7809c9a2e48648929073ac2db9cb6d -> 
  custom:scripting/monoscript/fileName/MemoryProfilerSettings.cs: 45691dd5aae0c3387cbb44514f63818d -> 
  custom:scripting/monoscript/fileName/Bmi1.cs: 790f25d56fba1e7a48c0a0766c0ad6a6 -> 
  custom:scripting/monoscript/fileName/BurstCompatibilityTests.cs: 7d7c24becd314d1054104dfc27a7e1e1 -> 
  custom:scripting/monoscript/fileName/UnsafeDataUtility.cs: 97246d5b6a7d0428614775c312dd53a2 -> 
  custom:scripting/monoscript/fileName/DetailFormatter.cs: d6d1946ffceb5da99dd6cf5f403878de -> 
  custom:scripting/monoscript/fileName/MultiColumnHeaderWithTruncateTypeName.cs: e6f30cceebe3b7f211ade59ee4b9b501 -> 
  custom:scripting/monoscript/fileName/BurstDisassembler.Core.cs: e5f812d5efcd2a5c78433604ae4d6b38 -> 
  custom:scripting/monoscript/fileName/uint2x4.gen.cs: 817d68c720fa6aa9b67a61d7c1b206d0 -> 
  custom:scripting/monoscript/fileName/MemoryBar.cs: 585e92149f8bde36c7f9eca1b4721dfb -> 
  custom:scripting/monoscript/fileName/BitField.cs: 435cec31f980ea5ce1d1e89b13684a57 -> 
  custom:video-decoder-ogg-theora: a1e56fd34408186e4bbccfd4996cb3dc -> 
  custom:scripting/monoscript/fileName/ToolbarDropDownButton.cs: 3082c7a3456125e57b805a543e345642 -> 
  custom:scripting/monoscript/fileName/NativeQueue.cs: 0e981ce8b9429d0fa5b8752248b5a6fd -> 
  custom:scripting/monoscript/fileName/ProfilerUtility.cs: 8fd6baaa4a8812aeb14b0e3a857e7749 -> 
  custom:scripting/monoscript/fileName/bool4.gen.cs: ca7c0171e1585aef1c2900b66db0977a -> 
  custom:scripting/monoscript/fileName/NativeArrayAlgorithms.cs: 47c6dbf75858e0519a33ace6debb1701 -> 
  custom:scripting/monoscript/fileName/UnsafeUtilityEx.cs: 51fdf80e1733ea661389b0969168e4eb -> 
  custom:scripting/monoscript/fileName/NativeArrayExtensions.cs: 480ae80e25a67512135651e8db7b75bc -> 
  custom:scripting/monoscript/fileName/DictionaryExtensions.cs: a2a6f66e7e41effff792a84cdf000a6a -> 
  custom:scripting/monoscript/fileName/DeltaBarCell.cs: f6f5cbba067aee8accacc018cc68e110 -> 
  custom:scripting/monoscript/fileName/BurstLoader.cs: ff77f8ae1ba38c1e7af1923752743ddf -> 
  custom:scripting/monoscript/fileName/float4x3.gen.cs: 82da2e74a1c9948cc673acd7425c23e5 -> 
  custom:scripting/monoscript/fileName/float3x4.gen.cs: f425eda36f0a9a6a9785ce693ab31c65 -> 
  custom:scripting/monoscript/fileName/PlayerConnectionService.cs: 7b0f3cc00e92eddb483e96b9921b6a30 -> 
  custom:scripting/monoscript/fileName/bool4x4.gen.cs: 832d1ba72f52e457d65ecd6ca1ba2b2e -> 
  custom:scripting/monoscript/fileName/math_unity_conversion.cs: 717272b42fdbca1935830b3071b2da3c -> 
  custom:framework-win-MediaFoundation: 216162199b28c13a410421893ffa2e32 -> 
  custom:scripting/monoscript/fileName/ITextFilter.cs: a5985b9b33e28d3d518c8a4a326da812 -> 
  custom:scripting/monoscript/fileName/AllTrackedMemoryModel.cs: cc355c1da84e84e665c59728739459f9 -> 
  custom:scripting/monoscript/fileName/ResidentMemorySummaryModelBuilder.cs: 63d48c015d68ca00d40210f3aa866d3b -> 
  custom:scripting/monoscript/fileName/BitConverterExt.cs: 28254e4c23cb8ef31f889939e4e2f00b -> 
  custom:scripting/monoscript/fileName/EditorUtilityCompatibilityHelper.cs: 62f3850b4c1c02e79eb484d3795c6294 -> 
  custom:scripting/monoscript/fileName/SummaryTextContent.cs: 00efd1f2a79a504b0007380da4bbc6b3 -> 
  custom:scripting/monoscript/fileName/double3x3.gen.cs: cf2bca4cc9e8b93d47929417a1a999f7 -> 
  custom:scripting/monoscript/fileName/NoAliasAttribute.cs: 47e40919f04b49dc8701e6216f1351d4 -> 
  custom:scripting/monoscript/fileName/NEON_AArch64_crypto.cs: 68ba95faf7f0f0403852fb6af2a2f956 -> 
  custom:scripting/monoscript/fileName/UTF8ArrayUnsafeUtility.cs: 98dd75294b6f494d8648143302130ee6 -> 
  custom:scripting/monoscript/fileName/double3x2.gen.cs: 87fbe5b4a5a90e3c915d83933bb7a691 -> 
  custom:scripting/monoscript/fileName/AllMemoryInEditorSummaryModelBuilder.cs: 899b460e0e3ab2a17f357aa2335f1b68 -> 
  custom:scripting/monoscript/fileName/bool3x2.gen.cs: 6ad67e842e9f001f4905675e041c0394 -> 
  custom:scripting/monoscript/fileName/half2.gen.cs: a6f90a50ab057fcfbb93f80dff9467ec -> 
  custom:scripting/monoscript/fileName/MemoryProfilerViewController.cs: 5e39179c2142d2cc4ece630677389e4f -> 
  custom:scripting/monoscript/fileName/MemoryProfilerModuleViewController.cs: 7fb04614c26465bf040f94647acc21e1 -> 
  custom:scripting/monoscript/fileName/IEnumeratorExtensions.cs: 0d2d356e65c798e2b0928b3f299ea6e2 -> 
  custom:scripting/monoscript/fileName/Il2CppEagerStaticClassConstructionAttribute.cs: 5ae90a36296d2fe83dd98e9361e907e8 -> 
  custom:scripting/monoscript/fileName/MetadataInjector.cs: c1c70860950d7faae653d633c4efe5be -> 
  custom:scripting/monoscript/fileName/FixedStringFormat.gen.cs: bee80dd64417b695a3ab4edd137d6566 -> 
  custom:scripting/monoscript/fileName/v128.cs: e021cba7e9c369437e29248cab7adb92 -> 
  custom:scripting/monoscript/fileName/UnityObjectsComparisonModel.cs: c48766e5203596a6df99481e109374cc -> 
  custom:scripting/monoscript/fileName/SnapshotFileBaseViewController.cs: 5ceb9b12685464149cf3aeece9a68a92 -> 
  custom:scripting/monoscript/fileName/ArrayTools.cs: 68c4aa0f46e26f30dc33a466d3ffff09 -> 
  custom:scripting/monoscript/fileName/cellular2x2.cs: 2eb29bf877494e27d7b8d68303a33727 -> 
  custom:scripting/monoscript/fileName/half.cs: cf3f2b0bcee127ccdac6d87167bcc406 -> 
  custom:scripting/monoscript/fileName/MemorySizeTooltipBuilder.cs: b08def4a84f68eddd16440ffaecc1c92 -> 
  custom:scripting/monoscript/fileName/NativeSort.cs: 928f4174a21486fd6ff139d2de03d8ce -> 
  custom:scripting/monoscript/fileName/Unicode.cs: f97bf556b0d99c0ed9d5ebf00a173353 -> 
  custom:scripting/monoscript/fileName/SharedStatic.cs: f05c0e41a9966bdff75df2ec1c0154e3 -> 
  custom:scripting/monoscript/fileName/BackgroundPattern.cs: 8fd03d456274ed496ca9bb42a96a64d1 -> 
  custom:scripting/monoscript/fileName/MatchesTextFilter.cs: bcb042d3a74ee01dd02bf4f8edeed72e -> 
  custom:scripting/monoscript/fileName/Sse3.cs: 790f25d56fba1e7a48c0a0766c0ad6a6 -> 
  custom:scripting/monoscript/fileName/MemoryProfilerModuleBridge.cs: d291ae24751beadc228f19735f41b694 -> 
  custom:scripting/monoscript/fileName/TabBarController.cs: fa10f88493152685de88622016b2fc9f -> 
  custom:scripting/monoscript/fileName/TreeViewController.cs: fb0c5cdd3ef906cc48b0fe209540f3ec -> 
  custom:scripting/monoscript/fileName/VMTools.cs: 9f942ea17d4029801400f817d7f22314 -> 
  custom:scripting/monoscript/fileName/BurstDisassembler.Core.ARM64.info.cs: b15d06942db1ac71042be253eef84e7f -> 
  custom:scripting/monoscript/fileName/noise3Dgrad.cs: 2eb29bf877494e27d7b8d68303a33727 -> 
  custom:scripting/monoscript/fileName/ProgressBar.cs: 03e8e1c12f2f51e4947bdf231c1dbd96 -> 
  custom:scripting/monoscript/fileName/ArrayInfo.cs: 45fa137eda5e3a4c441fed5e04da388c -> 
  custom:scripting/monoscript/fileName/ScopedFilter.cs: 0cdf409b5aa8d4c25876d72b5c6a3b60 -> 
  custom:scripting/monoscript/fileName/bool4x2.gen.cs: 5e92d30f937bc7e4e4a07b2b81c06b27 -> 
  custom:scripting/monoscript/fileName/Plane.cs: 69547098044c0683a5ff9d9b8674a0ba -> 
  custom:scripting/monoscript/fileName/TreeComparisonBuilder.cs: e35473db10a6df7c28d14d69c500e6c8 -> 
  custom:scripting/monoscript/fileName/UnsafeAppendBuffer.cs: 5a9572fb3414d7d386993b9deda40896 -> 
  custom:scripting/monoscript/fileName/ContainsTextFilter.cs: ce14ed3f8bba3fb58ae0b759ab8b00c3 -> 
  custom:CustomObjectIndexerAttribute: 6d391050e5a25f67b0a2c618074f2cd9 -> 
  custom:scripting/monoscript/fileName/classicnoise3D.cs: 2eb29bf877494e27d7b8d68303a33727 -> 
  custom:scripting/monoscript/fileName/MinMaxAABB.cs: 87e440667b74c17b186d7505988d93e6 -> 
  custom:scripting/monoscript/fileName/NEON_AArch64_rdma.cs: 68ba95faf7f0f0403852fb6af2a2f956 -> 
  custom:scripting/monoscript/fileName/double2x2.gen.cs: 1b24b88380b01d73274245c8a3f891ca -> 
  custom:scripting/monoscript/fileName/UnsafeBitArray.cs: be9a302f17ebba9c8bfe6d9fc79836b3 -> 
  custom:scripting/monoscript/fileName/v256.cs: 47c636eb6f790c9afbde51106c5c5b53 -> 
  custom:scripting/monoscript/fileName/ScreenshotsManager.cs: 62645f13067129274525550a3598f14e -> 
  custom:scripting/monoscript/fileName/NativeHashSetExtensions.gen.cs: 63db070ab3fd6601a2653ee7ef6af335 -> 
  custom:scripting/monoscript/fileName/TreeModelUtility.cs: 1aeaea7e67c4d8de5a08f942b08b4a38 -> 
  custom:scripting/monoscript/fileName/Icons.cs: 5cbcc599b1f0fe48c2ee493b021dcc79 -> abf089f96620a0dfa1fac77a06c6c48e
  custom:scripting/monoscript/fileName/FunctionPointerInvokeTransform.cs: 87582112a32f635e413c776846ec78de -> 
  custom:scripting/monoscript/fileName/BreakdownDetailsViewControllerFactory.cs: 6562f0ff3090e9112eb4e6b86a3c8806 -> 
  custom:scripting/monoscript/fileName/Csr.cs: 790f25d56fba1e7a48c0a0766c0ad6a6 -> 
  custom:scripting/monoscript/fileName/NativeHashMapExtensions.cs: 6a93b3d23053fee00758d7817da1cd70 -> 
  custom:scripting/monoscript/fileName/float2x2.gen.cs: f203c6ed52cbda2033cd1859a76ab02f -> 
  custom:scripting/monoscript/fileName/Ribbon.cs: 29c2eb009f50fa8a8c04e34d226a33ee -> 
  custom:scripting/monoscript/fileName/CecilExtensions.cs: 300205ae85edbb88d6c0c35c47681451 -> 
  custom:scripting/monoscript/fileName/ComparisonTableModel.cs: 50e9875147cb717f50ded402021bce6f -> 
  custom:scripting/monoscript/fileName/UnityObjectsComparisonModelBuilder.cs: 5554d02923cfb90d6abba2f058a34d9a -> 
  custom:scripting/monoscript/fileName/MemoryProfilerSettingsEditor.cs: e090322deb1750892b47795b995f6a15 -> 
  custom:container-demuxer-webm: 4f35f7cbe854078d1ac9338744f61a02 -> 
  custom:scripting/monoscript/fileName/BurstDisassembler.Core.x86.info.cs: b15d06942db1ac71042be253eef84e7f -> 
  custom:scripting/monoscript/fileName/bool2x4.gen.cs: 0202187d1d97b3838c3acec749a94370 -> 
  custom:scripting/monoscript/fileName/SelectedItemDetailsPanel.cs: 8c3643f2fdda1e5a45a40db2f7ba8351 -> 
  custom:scripting/monoscript/fileName/FixedStringParseMethods.cs: fcdca1abcdc2fd593bd0d11b27b9b2c5 -> 
  custom:scripting/monoscript/fileName/AllTrackedMemoryDescriptionCell.cs: cd32baa88728a74c1a065597f52923e4 -> 
  custom:scripting/monoscript/fileName/ReferenceArrayCrawlerJobChunk.cs: 57b3014bc1b25de019780297379a619e -> 
  custom:scripting/monoscript/fileName/uint2x3.gen.cs: dc149d5147f76ef2e3b7b3e87df71cde -> 
  custom:scripting/monoscript/fileName/GenericContext.cs: 91513e0bd2facda2d12405e8de8d8a9b -> 
  custom:scripting/monoscript/fileName/PathsToRootDetailView.cs: 0010feef412adb7556f85353e0e54c77 -> 
  custom:scripting/monoscript/fileName/classicnoise4D.cs: 2eb29bf877494e27d7b8d68303a33727 -> 
  custom:scripting/monoscript/fileName/int4x3.gen.cs: 8504016f71ab8b36158b7cb8a5461a8b -> 
  custom:scripting/monoscript/fileName/classicnoise2D.cs: 2eb29bf877494e27d7b8d68303a33727 -> 
  custom:scripting/monoscript/fileName/UnifiedUnityObjectInfo.cs: 80acea6195442f9e7e2cadd9e944ac5c -> 
  custom:scripting/monoscript/fileName/MatrixDrawer.cs: 54f407ec7134aa445531b0da7f5e0ded -> 
  custom:scripting/monoscript/fileName/NEON_AArch64.cs: 68ba95faf7f0f0403852fb6af2a2f956 -> 
  custom:scripting/monoscript/fileName/float2x4.gen.cs: 8f6e3792d53a47d3e0816efd26cbabde -> 
  custom:scripting/monoscript/fileName/Hint.cs: 35c736c413c7f058326ce656dfcde31e -> 
  custom:scripting/monoscript/fileName/EditorAssetFinderUtility.cs: d97df9262e7aaeb013ee534882b3431e -> 
  custom:scripting/monoscript/fileName/BurstRuntime.cs: dd1cc6bb42ddae27b5305860068dfb8c -> 
  custom:scripting/monoscript/fileName/Diagnostics.cs: 79bad3305d849d7ee685af511039a8d5 -> 
  custom:scripting/monoscript/fileName/PageDetailsViewController.cs: bd662d9e3753af5bf114efd4177baf60 -> 
  custom:scripting/monoscript/fileName/PathsToRootUtil.cs: 059bcae15195e9c1b825ad6658ee445e -> 
  custom:scripting/monoscript/fileName/xxHash3.AVX2.cs: bbc99b1bfd2f994ebd53a189bfb34bc9 -> 
  custom:scripting/monoscript/fileName/MemoryMapBreakdownViewController.cs: e5123fbbd14b882a885d0f8adbf9d11b -> 
  custom:scripting/monoscript/fileName/matrix.gen.cs: 8040951fec6b586df3a34908a47f7536 -> 
  custom:scripting/monoscript/fileName/ManagedObjectInfo.cs: 8bc13758f93a492480d4b4b292137058 -> 
  custom:scripting/monoscript/fileName/PostNormalizedVectorDrawer.cs: 1e9cc5a1d5ea64a4691d9edff2f31467 -> 
  custom:scripting/monoscript/fileName/UnsafeStream.cs: 256399a9cf220f56a541766f1fe0b55f -> 
  custom:scripting/monoscript/fileName/int2x4.gen.cs: 5edaa4c8e18b723d836f4e66d7a2ad24 -> 
  custom:scripting/monoscript/fileName/MemoryProfilerAnalytics.cs: 43e87c2c4e43818e9c0badd5d4b57e7c -> 
  custom:scripting/monoscript/fileName/double2.gen.cs: 9fcc709faf542a3c28101e289489d3c3 -> 
  custom:scripting/monoscript/fileName/DetailsViewController.cs: 5ba03806a4c659e2c98408aabf8fe796 -> 
  custom:scripting/monoscript/fileName/bool2x2.gen.cs: 4649c574bdda23c59b5d49d1b662bc61 -> 
  custom:scripting/monoscript/fileName/IComparableItemData.cs: 469054fb0f23bee97579b36d0728adfe -> 
  custom:scripting/monoscript/fileName/uint3x2.gen.cs: e9ed99b7eae876425b9236af5d545e3a -> 
  custom:scripting/monoscript/fileName/PlayerConnectionCompatibilityHelper.cs: 635008d39c2e825d40ef435ebb858eec -> 
  custom:scripting/monoscript/fileName/SnapshotFileTreeItemViewController.cs: 61b077e625f692de879aaff72ec9fe02 -> 
  custom:scripting/monoscript/fileName/HeapString.gen.cs: 2f8bea3137363b1eadd89d8db8473288 -> 
  custom:scripting/monoscript/fileName/NativeObjectsTools.cs: a4bb043c9736196e157573d342f914e5 -> 
  custom:scripting/monoscript/fileName/UnityObjectsMemorySummaryModelBuilder.cs: e7136aa66e508f159dc82b9aaf633908 -> 
  custom:scripting/monoscript/fileName/AllocatorManager.cs: 38c7b2bd1aa48880a7078890d02430db -> 
  custom:scripting/monoscript/fileName/int2x2.gen.cs: 63739a46f5092b211c341383068e9d3a -> 
  custom:scripting/monoscript/fileName/ISelectionDetails.cs: 50c565f6385f9d800ecf7225c071a2dc -> 
  custom:scripting/monoscript/fileName/ComparisonViewController.cs: 7eb4c27de6d6770166139d44d5194c21 -> 
  custom:scripting/monoscript/fileName/ViewControllerUtility.cs: 5b52e9a16ae00d9e6eba78f8037de79b -> 
  custom:scripting/monoscript/fileName/FixedStringAppendMethods.cs: fcdca1abcdc2fd593bd0d11b27b9b2c5 -> 
  custom:scripting/monoscript/fileName/uint3.gen.cs: 2439c557987b3f1dafd36143ddfb8c40 -> 
  custom:scripting/monoscript/fileName/SafeStringArrayHelper.cs: c8d46796c0d02dc9724140077fd6c374 -> 
  custom:scripting/monoscript/fileName/double4x4.gen.cs: d67599d4a9300cb241e4695cd70324ae -> 
  custom:scripting/monoscript/fileName/ManagedObjectInspector.cs: 43c441648bb7e1bf810818902b88a0bb -> 
  custom:scripting/monoscript/fileName/AllMemorySummaryModelBuilder.cs: f851622ea5f13295346f2d5f3de6b122 -> 
  custom:scripting/monoscript/fileName/EnumerationStatus.cs: 71a8b334ae81fba85c1d1e652a2432f1 -> 
  custom:scripting/monoscript/fileName/FunctionPointer.cs: b278ab85034025b7289bef45e0874487 -> 
  custom:scripting/monoscript/fileName/ObjectOrTypeLabel.cs: 3e4dde6752f0a49be56d3a32f3a4c1fc -> 
  custom:scripting/monoscript/fileName/StructArrayCrawlerJobChunk.cs: 57b3014bc1b25de019780297379a619e -> 
  custom:scripting/monoscript/fileName/BurstDisassembler.Core.Wasm.cs: b15d06942db1ac71042be253eef84e7f -> 
  custom:scripting/monoscript/fileName/IInstanceIdFilter.cs: 492ad2c972d5a46ffa2065e2641ced78 -> 
  custom:container-muxer-webm: aa71ff27fc2769a1b78a27578f13a17b -> 
  custom:scripting/monoscript/fileName/bool2x3.gen.cs: c45708c9bd53a8b7f658164314a10c61 -> 
  custom:scripting/monoscript/fileName/AllTrackedMemoryBreakdownViewController.cs: 0910a1dee854014ac1a291c168d3ee3a -> 
  custom:scripting/monoscript/fileName/UnsafeMultiHashMap.cs: 0ecf0b5b4a9207402e80b603ad9a119c -> 
  custom:scripting/monoscript/fileName/LabeledPopup.cs: 87f082da9aa2abffd22a5b3019d4e188 -> 
  custom:scripting/monoscript/fileName/ActivityIndicator.cs: 249b3f6d45aab2924f1f499f5b97d6e1 -> 
  custom:scripting/monoscript/fileName/DebugAnalyticsService.cs: 9d4644c445ef7dfa04917f85729e6bf7 -> 
  custom:scripting/monoscript/fileName/Sse2.cs: 790f25d56fba1e7a48c0a0766c0ad6a6 -> 
  custom:scripting/monoscript/fileName/math.cs: 3e1f77dfafdda862ef1fdae58189cdb5 -> 
  custom:scripting/monoscript/fileName/BurstDisassembler.cs: d51fb062bede2b9ca5d97ccc2e501c19 -> 
  custom:scripting/monoscript/fileName/double4x3.gen.cs: 0f480b77cbe2235a6a07fec4a8104303 -> 
  custom:scripting/monoscript/fileName/IReader.cs: 4f885daa21ea1a7f87bd2184b2ab1f78 -> 
  custom:video-decoder-webm-vp8: 9c59270c3fd7afecdb556c50c9e8de78 -> 
  custom:scripting/monoscript/fileName/NativeHashMap.cs: b281f487ae2a189c56e4a31f5d76fd37 -> 
  custom:scripting/monoscript/fileName/AllTrackedMemoryComparisonViewController.cs: 20c7c5fba4680914c3bcb0160254b8f3 -> 
  custom:scripting/monoscript/fileName/BurstPlatformAotSettings.cs: e55a3d6d232eb892da58dcc30668a0b8 -> 
  custom:scripting/monoscript/fileName/NoDataViewController.cs: 71abd3ab2e674dde165e2520f617ed02 -> 
  custom:scripting/monoscript/fileName/BurstMath.cs: d94624ee519cab4bff493f67794b1527 -> 
  custom:scripting/monoscript/fileName/float3.gen.cs: 61e461104f30d07064c299c5ac2c9a3e -> 
  custom:scripting/monoscript/fileName/BurstCompileTarget.cs: 5a1d233d747b0d562e7d5017bb80886e -> 
  custom:scripting/monoscript/fileName/BurstReflection.cs: a904f9b2bf9ba0accae4702e11f47640 -> 
  custom:scripting/monoscript/fileName/ProfilerMarker3Params.cs: 0cdf409b5aa8d4c25876d72b5c6a3b60 -> 
  custom:scripting/monoscript/fileName/MemoryProfilerWindowContent.cs: 1e40e4c8941b969ad60d8ffb12818611 -> 
  custom:scripting/monoscript/fileName/ManagedObjectsTools.cs: 5d958e3947baa7aa429acd171b6f6cbb -> 
  custom:scripting/monoscript/fileName/int3.gen.cs: f3e7aece5ea81aaaacfae8f3b0dbf645 -> 
  custom:scripting/monoscript/fileName/Constant.cs: 9503cddf79e2a3fdeab51cc0257c4da1 -> 
  custom:scripting/monoscript/fileName/IconUtility.cs: ac5d2d68d56148d4c92f06e9788086aa -> 
  custom:scripting/monoscript/fileName/SelectedItemDetailsForTypesAndObjects.cs: cee952715156de9eea2eb41a888aaa89 -> 
  custom:scripting/monoscript/fileName/ViewController.cs: dc2e1ccc06e887d73b197bb4202a8313 -> 
  custom:scripting/monoscript/fileName/NEON_ctor.cs: 68ba95faf7f0f0403852fb6af2a2f956 -> 
  custom:scripting/monoscript/fileName/FixedStringFormatMethods.gen.cs: fcdca1abcdc2fd593bd0d11b27b9b2c5 -> 
  custom:scripting/monoscript/fileName/ProfilerCounterValue.cs: 90647cc400823b41df847a6cbfc29026 -> 
  custom:scripting/monoscript/fileName/int3x3.gen.cs: dc1405f0f1704a2ec1efb4946b5d5f85 -> 
  custom:scripting/monoscript/fileName/DropDownButton.cs: 26a7aeab1378384e6983ea72b303dc06 -> 
  custom:scripting/monoscript/fileName/quaternion.cs: 0762c6482396ed4f34408952c0956647 -> 
  custom:scripting/monoscript/fileName/MemorySummaryBarViewController.cs: c72c247f20c2e79a2fe07133412f82ac -> 
  custom:scripting/monoscript/fileName/int4x4.gen.cs: e1c5029dddb71a1513ebdf470db7528e -> 
  custom:scripting/monoscript/fileName/RewindableAllocator.cs: ff203a8232e03cdb6b2db057c0882a0f -> 
  custom:scripting/monoscript/fileName/float4x4.gen.cs: a5bb36679a244217e37dd9fb5d3d2ed4 -> 
  custom:SearchIndexIgnoredProperties: e643bd26f0fe6173181afceb89e7c659 -> 
  custom:scripting/monoscript/fileName/ProfilerCounter.cs: 90647cc400823b41df847a6cbfc29026 -> 
  custom:scripting/monoscript/fileName/double3x4.gen.cs: d3f6959e28d6480d7d5313a2c890e5a1 -> 
  custom:scripting/monoscript/fileName/Block.cs: df12457a6cf5a2cc04d95dbe05379ece -> 
  custom:scripting/monoscript/fileName/bool4x3.gen.cs: 3b9b4adbcec8eec926ee3ca5bd1a9e49 -> 
  custom:scripting/monoscript/fileName/CachedSnapshot.cs: a892366e4a5a98cf73d7006fdadd3733 -> 
  custom:AudioImporter_EditorPlatform: d09bf68614088b80899f8185d706f6e7 -> 
  custom:scripting/monoscript/fileName/ProfilerMarkerExtensions.cs: e9eec9a5472d64e0b6699387d0bf6ebd -> 
  custom:scripting/monoscript/fileName/BurstMenu.cs: ba8f72dcdc01403dc080f70f4b855f19 -> 
  custom:scripting/monoscript/fileName/UnsafeHashSet.cs: 5e2ab9cfe81e04de31d18dbafae66b8c -> 
  custom:scripting/monoscript/fileName/half4.gen.cs: abea9356568c8480c38dd790db58969d -> 
  custom:scripting/monoscript/fileName/ScopedContainsTextFilter.cs: 05dfa14149feb02ad457b5fa36ef5e1a -> 
  custom:scripting/monoscript/fileName/AllTrackedMemoryComparisonTableModelBuilder.cs: 6c8a6f32aee712c05d577a4537979b64 -> 
  custom:scripting/monoscript/fileName/NativeStream.cs: f901789de80a9ec3530751f3f60eb2f8 -> 
  custom:scripting/monoscript/fileName/NativeAllocationTools.cs: 07c8109db91e89c10c5a59c65c04c973 -> 
  custom:scripting/monoscript/fileName/IgnoreWarningAttribute.cs: 95b6772ff35299aa9927da5e6696b2f1 -> 
  custom:scripting/monoscript/fileName/SnapshotFileListModelBuilder.cs: d784db9767c55ba570c5a16d68d27365 -> 
  custom:scripting/monoscript/fileName/FixedString.gen.cs: 546503330a4423d9e22205762e6dc907 -> 
  custom:scripting/monoscript/fileName/PathsToRootDetailViewItem.cs: d1552b1c18571633473797eed0b7bc00 -> 
  custom:scripting/monoscript/fileName/uint4x3.gen.cs: b01c5cd7a56bd5c67682617427bf7881 -> 
  custom:scripting/monoscript/fileName/Styles.cs: c24b6d199d6c1dd9e3bfc8be11e7fa24 -> 1728aa377394bacc23133c7e998f0fa5
  custom:scripting/monoscript/fileName/noise2D.cs: 2eb29bf877494e27d7b8d68303a33727 -> 
  custom:scripting/monoscript/fileName/UnityObjectsTableViewController.cs: 8b9393392591c3e3363ca7227317c8cb -> 
  custom:scripting/monoscript/fileName/BurstEditorOptions.cs: 9c5afa3a809e97579143a619b525af7f -> 
  custom:scripting/monoscript/fileName/bool2.gen.cs: 26e96b66e2dc8fbd46eb4ce6284c510a -> 
  custom:scripting/monoscript/fileName/BytesAndOffset.cs: 1be5680ae9b3ed347b50bae8ce67fca7 -> 
  custom:scripting/monoscript/fileName/NativeList.cs: 3e39181d220491b697fd73718c9e6b89 -> 
  custom:scripting/monoscript/fileName/UnsafeHashSetExtensions.gen.cs: 08ce05b79144f37e3fa725c81fe15267 -> 
  custom:scripting/monoscript/fileName/BurstCompileAttribute.cs: f1834e5146c37c3c879fe10d3c8c9e49 -> 
  custom:scripting/monoscript/fileName/bool3.gen.cs: 5af2629b3ff9dbb3bbfcc70064a35529 -> 
  custom:scripting/monoscript/fileName/Entry.cs: 09bea23bd1d5693ef5fc3fd68a0f04b2 -> 
  custom:scripting/monoscript/fileName/uint4x2.gen.cs: b7591412c0d582e5dffe67f85a90dd0a -> 
  custom:scripting/monoscript/fileName/int3x2.gen.cs: 3713def57441460b7d8181bf2ebb068b -> 
  custom:scripting/monoscript/fileName/random.cs: 773187f16d25a3763332e4d0e08067fb -> 
  custom:scripting/monoscript/fileName/MemoryMapBreakdownModel.cs: 8c38ea3339eff3a72bfacf024a470c6e -> 
  custom:scripting/monoscript/fileName/RibbonButton.cs: cb3fa848fabeb08dd5b6b1c672e24713 -> 
  custom:scripting/monoscript/fileName/float4.gen.cs: b782c632ec38515e69077afe722e950b -> 
  custom:scripting/monoscript/fileName/uint3x4.gen.cs: 85b37160b72ca5d09aa390a0ed4ac5d3 -> 
  custom:scripting/monoscript/fileName/UnsupportedSnapshotVersionException.cs: 36f7285e7d91193d59976871da627e09 -> 
  custom:scripting/monoscript/fileName/ProfilerMarker2Params.cs: 0cdf409b5aa8d4c25876d72b5c6a3b60 -> 
  custom:scripting/monoscript/fileName/MemorySummaryLegendViewController.cs: 19b9e777405628c96a1dc93faf27f439 -> 
  custom:scripting/monoscript/fileName/IsExternalInit.cs: fbb43a7774276e103a7f4daadc8fe4cd -> 
  custom:scripting/monoscript/fileName/float3x2.gen.cs: c82cdc670988a624afef0b4a59da9960 -> 
  custom:scripting/monoscript/fileName/BurstCompatibleAttribute.cs: 5516bac227e59cc058e743022f755993 -> 
  custom:scripting/monoscript/fileName/UnityObjectsModel.cs: 6ee983feaaac7f0bbafa9741b1efbf07 -> 
  custom:scripting/monoscript/fileName/int4x2.gen.cs: 03019ae5b6ae2c22f6bcc41f109a6f3f -> 
  custom:scripting/monoscript/fileName/SnapshotFileModel.cs: ed3754138545144600678d19a9919805 -> 
  custom:scripting/monoscript/fileName/UnsafeAtomicCounter.cs: 9e2f4dbe854338916842c8ff7fbe03de -> 
  custom:scripting/monoscript/fileName/UnityObjectsDescriptionCell.cs: 21db1deaace0830da87c4f292b11abe0 -> 
  custom:scripting/monoscript/fileName/FixedStringMethods.cs: fcdca1abcdc2fd593bd0d11b27b9b2c5 -> 
  custom:scripting/monoscript/fileName/double3.gen.cs: 377c7acd7948bf71aea5d8cf8236ee9b -> 
  custom:scripting/monoscript/fileName/UnsafeNotBurstCompatible.cs: 9920b2dcf54d07855dc87b05b9a22299 -> 
  custom:scripting/monoscript/fileName/SkipLocalsInitAttribute.cs: e4f8d5a888902955673e1ed6a9dfb76a -> 
  custom:scripting/monoscript/fileName/SnapshotIssuesModel.cs: 8c03d4761bc7bbe6ab54d5aa86abde2b -> 
  custom:scripting/monoscript/fileName/EditorGUICompatibilityHelper.cs: 351928010be3c0fc8e7cba29289fa933 -> 
  custom:scripting/monoscript/fileName/AssumeRangeAttribute.cs: d3abc900d6b7c73addcf3398d2779a03 -> 
  custom:scripting/monoscript/fileName/ChunkedParallelArrayCrawlerJob.cs: 4c5244c82e32cae22d942340c51553fa -> 
  custom:scripting/monoscript/fileName/Fma.cs: 550ccd401d2d76d5e362c6ec284ceeaa -> 
  custom:scripting/monoscript/fileName/TreeModel.cs: 90647cc400823b41df847a6cbfc29026 -> 
  custom:scripting/monoscript/fileName/Sse.cs: 790f25d56fba1e7a48c0a0766c0ad6a6 -> 
  custom:scripting/monoscript/fileName/FieldLayoutInfo.cs: c41ab9ed194be22bfed5e23d54e5444a -> 
  custom:scripting/monoscript/fileName/FixedStringInternalMethods.cs: fcdca1abcdc2fd593bd0d11b27b9b2c5 -> 
  custom:scripting/monoscript/fileName/ResidentMemoryInEditorSummaryModelBuilder.cs: 42c71a8b705c09aa9c246953eded86fb -> 
  custom:scripting/monoscript/fileName/LoadedSnapshotsViewController.cs: 404c391ed75aaacbfcc868f9cb6dda56 -> 
  custom:scripting/monoscript/fileName/FieldLayouts.cs: 880cadca33d791ef5e0db644a8a4fe22 -> 
  custom:scripting/monoscript/fileName/DetailedSizeBar.cs: a1c8fffe2038511e789172fabbc7441e -> 
  custom:scripting/monoscript/fileName/EnumExtensions.cs: 63de0c10b66e16f277948838b882f77e -> 872fcb89b813d64606e680211dede528
  custom:scripting/monoscript/fileName/FeatureUnavailableViewController.cs: cd959eddd803d1d25da405e7528404dd -> 
  custom:scripting/monoscript/fileName/uint2.gen.cs: f442e48493395c3c057fa324c1ed7700 -> 
  custom:scripting/monoscript/fileName/ITableFilter.cs: 90647cc400823b41df847a6cbfc29026 -> 
  custom:scripting/monoscript/fileName/ManagedDataCrawler.cs: ec55e8a2e3e6603e4634288e984187c2 -> 
  custom:scripting/monoscript/fileName/AssemblyResolver.cs: d02bbd84bf24106c236ab13c6c3d719f -> 
  custom:scripting/monoscript/fileName/MemoryProfilerModuleOverride.cs: 25201d4c71e5c0b047531e9cd37359dd -> 
  custom:scripting/monoscript/fileName/float2x3.gen.cs: dd8be2164b904b64628efafb474868f4 -> 
  custom:scripting/monoscript/fileName/cellular2x2x2.cs: 2eb29bf877494e27d7b8d68303a33727 -> 
  custom:scripting/monoscript/fileName/matrix.cs: 17bd875ecbf69296bc7f1415237b5bf7 -> 
  custom:scripting/monoscript/fileName/UIElementsHelper.cs: edceaa716baa35e9ad38e4e51a9c83b6 -> 
  custom:video-encoder-webm-vp8: eb34c28f22e8b96e1ab97ce403110664 -> 
  custom:scripting/monoscript/fileName/SnapshotIssuesViewController.cs: 187661cc28a0514481cd21f9850115ad -> 
  custom:scripting/monoscript/fileName/Sse4_2.cs: 550ccd401d2d76d5e362c6ec284ceeaa -> 
  custom:scripting/monoscript/fileName/SummaryViewController.cs: e32477ab0e9b6225a3d440242c0ce3a1 -> 
  custom:scripting/monoscript/fileName/cellular3D.cs: 2eb29bf877494e27d7b8d68303a33727 -> 
  custom:scripting/monoscript/fileName/FormatDataTypes.cs: 660519df8ea6c42846f8ed899c2f36f1 -> 
  custom:scripting/monoscript/fileName/MemorySize.cs: d0766edc2b14d2091f2c9dd86243ca6a -> 
  custom:scripting/monoscript/fileName/MatchesInstanceIdFilter.cs: d92d9c4f653381fa0330529c3eea7f2d -> 
  custom:scripting/monoscript/fileName/bool3x4.gen.cs: dd64119ecce8747c9d345fc62ed63bff -> 
  custom:scripting/monoscript/fileName/NEON.cs: 68ba95faf7f0f0403852fb6af2a2f956 -> 
  custom:audio-decoder-ogg-vorbis: bf7c407c2cedff20999df2af8eb42d56 -> 
  custom:scripting/monoscript/fileName/MatchesAllTextFilter.cs: c181f0f433223ad2cf93e4e1f4adb895 -> 
  custom:scripting/monoscript/fileName/NativeText.gen.cs: 963d74023cd13b0e64909bb76f1d047a -> 
  custom:scripting/monoscript/fileName/int2x3.gen.cs: 377af658550da76bc0efa7c5a755eb90 -> 
  custom:scripting/monoscript/fileName/IMemorySummaryViewController.cs: 071626fef66f6bae91c4dc7466403102 -> 
  custom:scripting/monoscript/fileName/ConcurrentMask.cs: d56a0fef284c9e5059f89974aedb695c -> 
  custom:scripting/monoscript/fileName/Avx.cs: 790f25d56fba1e7a48c0a0766c0ad6a6 -> 
  custom:scripting/monoscript/fileName/ManagedData.cs: 43c6644c3822fdf51e5dc16b6b684747 -> 
  custom:scripting/monoscript/fileName/NativeReference.cs: 707aa775b4e3cc858cb239cb84a29e93 -> 
  custom:scripting/monoscript/fileName/Popcnt.cs: 790f25d56fba1e7a48c0a0766c0ad6a6 -> 
  custom:scripting/monoscript/fileName/UnsafeHashMap.cs: b3f5721fae0d7c31e90553a3a7b10d6f -> 
  custom:scripting/monoscript/fileName/Ssse3.cs: 790f25d56fba1e7a48c0a0766c0ad6a6 -> 
  custom:scripting/monoscript/fileName/ManagedObjectInspectorItem.cs: d40e62465969b598a504e833c0f05242 -> 
  custom:scripting/monoscript/fileName/MemorySummaryModel.cs: 4a0d504341cf701c44f912d826304a4a -> 
  custom:scripting/monoscript/fileName/TypeDetailsViewController.cs: 9b2b5346b3f59a53238b5382eccc88f2 -> 
  custom:scripting/monoscript/fileName/NativeNotBurstCompatible.cs: 8e8b404b4fa69e1b7cea25947e47b9bd -> 
  custom:scripting/monoscript/fileName/double2x4.gen.cs: 685c5fa921181be1c5c2624181389ad3 -> 
  custom:scripting/monoscript/fileName/ObjectDetailsViewController.cs: 0ddcd291bd1bd23e0e2a9ed457261e38 -> 
  custom:scripting/monoscript/fileName/ILPostProcessingLegacy.cs: 1474151453fb056da8fe50e6cda891db -> 
  custom:scripting/monoscript/fileName/uint4.gen.cs: 39973cd09553f87c6828ba478621c98d -> 
  custom:scripting/monoscript/fileName/AllTrackedMemoryModelBuilder.cs: 7a3affb9440827fa6b29d34ecb972202 -> 
  custom:scripting/monoscript/fileName/cellular2D.cs: 2eb29bf877494e27d7b8d68303a33727 -> 
  custom:scripting/monoscript/fileName/FileReader.cs: c5830c11aca51d937aed02a1151ef787 -> 
  custom:scripting/monoscript/fileName/ProfilerMarker1Param.cs: 0cdf409b5aa8d4c25876d72b5c6a3b60 -> 
  custom:scripting/monoscript/fileName/UnsafeRingQueue.cs: beeb81b22bb86e018042f1eea3e37e38 -> 
  custom:scripting/monoscript/fileName/double2x3.gen.cs: 2fbeb18c538397a8260f5c41cab0741e -> 
  custom:scripting/monoscript/fileName/CountDeltaCell.cs: 4061b61606fa21a09b8082b6eea31726 -> 
  custom:scripting/monoscript/fileName/AllTrackedMemoryTableViewController.cs: 03ab35171eef494dfa67f703c2d50592 -> 
  custom:scripting/monoscript/fileName/LoadedSnapshotsItemViewController.cs: 88ce2fafba345f6a1b3a3af542a4e431 -> 
  custom:scripting/monoscript/fileName/int3x4.gen.cs: 8460bfcadb3ac350c26daa6b9595294c -> 
  custom:scripting/monoscript/fileName/noise4D.cs: 2eb29bf877494e27d7b8d68303a33727 -> 
  custom:scripting/monoscript/fileName/UnityObjectsComparisonViewController.cs: c13f407f250aa8ceb14f31916a224b81 -> 
  custom:scripting/monoscript/fileName/psrdnoise2D.cs: 2eb29bf877494e27d7b8d68303a33727 -> 
  custom:scripting/monoscript/fileName/FixedStringUtils.cs: 114eb023c5774372990da700f8c2456f -> 
  custom:scripting/monoscript/fileName/BurstILPostProcessor.cs: caa97838ab13c1add4a98ae3f9820b7e -> 
  custom:scripting/monoscript/fileName/F16C.cs: 790f25d56fba1e7a48c0a0766c0ad6a6 -> 
  custom:scripting/monoscript/fileName/NativeBitArray.cs: 744f6e29d77560522710809b14557136 -> 
  custom:scripting/monoscript/fileName/GenericReadOperation.cs: 4b2710519e9269e34fa924cfaf1de88a -> 
  custom:scripting/monoscript/fileName/IScopedFilter.cs: 0cdf409b5aa8d4c25876d72b5c6a3b60 -> 
  custom:scripting/monoscript/fileName/QuaternionDrawer.cs: 11323f18a038f5e869f0b55e53c54a31 -> 
  custom:scripting/monoscript/fileName/ReadCommandBufferUtils.cs: 3c4a6d1443dc238debbc6ba8b0a9d1d4 -> 
  custom:scripting/monoscript/fileName/NativeMultiHashMap.cs: 232e6e149bb81d9963c795b02084c8f4 -> 
  custom:scripting/monoscript/fileName/Memory.cs: 24fa5e8e684139a9a6b2bb764c620a28 -> 
  custom:scripting/monoscript/fileName/ResidentMemorySummaryViewController.cs: d3dd1bdf066541bdee77d9ef4f97f9a8 -> 
  custom:scripting/monoscript/fileName/xxHash3.StreamingState.cs: 73af6f62e3ccfaecb2c43562b8c60a23 -> 
  custom:scripting/monoscript/fileName/UnsafeList.cs: d4153fc6c06f3c788b1e8373e28421fd -> 
  custom:scripting/monoscript/fileName/BurstAssemblyDisable.cs: b6ce5635cda12e16b9d3052a32a53ef4 -> 
  custom:scripting/monoscript/fileName/CollectionsExamples.cs: 5c3c7e50116fce8e4387bbf68d9603e4 -> 
  custom:scripting/monoscript/fileName/DynamicBlockArray.cs: e3ee4eac043311bb00853be8b6e288e2 -> 
  custom:scripting/monoscript/fileName/common.cs: 2eb29bf877494e27d7b8d68303a33727 -> 
  custom:audio-encoder-webm-vorbis: bf7c407c2cedff20999df2af8eb42d56 -> 
  custom:scripting/monoscript/fileName/uint2x2.gen.cs: ef58eafb69337704525106c30b2f9c86 -> 
  custom:scripting/monoscript/fileName/LowLevelFileReader.cs: d7218648e95ea8ce16ec1c7a631ad40e -> 
  custom:scripting/monoscript/fileName/BurstString.Float.cs: f7cf2d4ac32cd23a2133a777bc8e9bdf -> 
  custom:scripting/monoscript/fileName/MemoryBarElement.cs: 846ec810f3e1cf77dcb71a79dbe4f22d -> 
  custom:scripting/monoscript/fileName/float3x3.gen.cs: 48f350102ac697de2455487383306e62 -> 
  custom:scripting/monoscript/fileName/BurstCompilerOptions.cs: 462794c2cc7370a72a60909850bd4bd6 -> 
  custom:scripting/monoscript/fileName/AnalysisTabBarController.cs: d551d13fd81970ced5b14ef262352559 -> 
  custom:scripting/monoscript/fileName/SnapshotIssuesModelBuilder.cs: c95f0dd4a96c4a0f86fb3d3a6c7046d8 -> 
  custom:scripting/monoscript/fileName/StringTools.cs: fe0626ea6cba42f9bab56d3c3263736a -> 
  custom:scripting/monoscript/fileName/float2.gen.cs: 6120954cdb3e1af6bb1e798ca56424e4 -> 
  custom:scripting/monoscript/fileName/bool3x3.gen.cs: f3dd982fcc1d0b33ec635c43c306a1b8 -> 
  custom:scripting/monoscript/fileName/LongTextArea.cs: 4c687402ecd5f2af3a470023aff89eca -> 
  custom:scripting/monoscript/fileName/MemoryProfilerWindow.cs: 0147e121eb8d74f285210665d8211c21 -> 
  custom:scripting/monoscript/fileName/BurstDisassembler.Core.LLVMIR.info.cs: b15d06942db1ac71042be253eef84e7f -> 
  custom:scripting/monoscript/fileName/UnityObjectsBreakdownViewController.cs: 72119a00d327bcc7b66639771e3fc2e1 -> 
  custom:scripting/monoscript/fileName/NEON_AArch64_dotprod.cs: 68ba95faf7f0f0403852fb6af2a2f956 -> 
  custom:scripting/monoscript/fileName/InfoBox.cs: 91d488751b5ec0d860d5156a5b2802d6 -> 
  custom:scripting/monoscript/fileName/BurstStringSearch.cs: 69d0ecca394873c1593eee16bae2761c -> 
  custom:scripting/monoscript/fileName/xxHash3.cs: d876f695d67b3d527466020445c50eb8 -> 
  custom:scripting/monoscript/fileName/double4x2.gen.cs: 530f8410a1ca9a96d8c16e723573cfae -> 
  custom:scripting/monoscript/fileName/Attributes.cs: d94dab8e1cad1d516625e289629ba937 -> 9d3861389974f0823e7e341aa6c23dae
  custom:scripting/monoscript/fileName/SnapshotFileListModel.cs: 9bfef1ab5a6b8e0306b71418fef78227 -> 
  custom:scripting/monoscript/fileName/EditorAnalyticsService.cs: 9a38a35cb780e31538f1061c49824b9e -> 
  custom:scripting/monoscript/fileName/SnapshotFileModelBuilder.cs: 4681244b3513ebc2d1d53cd36bd4ae3c -> 
  custom:scripting/monoscript/fileName/DebugView.cs: 0cdf409b5aa8d4c25876d72b5c6a3b60 -> 
  custom:scripting/monoscript/fileName/UnsafeText.cs: 252c4eef6eb1893b89e3a585d7b05a84 -> 
  custom:scripting/monoscript/fileName/NativeHashSet.cs: 5e2ab9cfe81e04de31d18dbafae66b8c -> 
  custom:scripting/monoscript/fileName/IMemorySummaryModelBuilder.cs: 90647cc400823b41df847a6cbfc29026 -> 
  custom:scripting/monoscript/fileName/ActivityIndicatorOverlay.cs: 646bc98d40490e69b022cf48f65c4325 -> 
  custom:scripting/monoscript/fileName/PrimitiveVectorDrawer.cs: 3e4cc385215599322653e09117c642ee -> 
  custom:scripting/monoscript/fileName/Sse4_1.cs: 790f25d56fba1e7a48c0a0766c0ad6a6 -> 
  custom:scripting/monoscript/fileName/BurstString.cs: f7cf2d4ac32cd23a2133a777bc8e9bdf -> 
  custom:scripting/monoscript/fileName/AsyncWorker.cs: 7be14194d308d4eacdddbea44b051a36 -> 
  custom:scripting/monoscript/fileName/BreakdownViewController.cs: 2f933c8788044801fcd40617a56fbac3 -> 
  custom:scripting/monoscript/fileName/BlockList.cs: 90647cc400823b41df847a6cbfc29026 -> 
  custom:scripting/monoscript/fileName/ListExtensions.cs: 0f96dfdcfd19dc46bb3b974629f04481 -> 
  custom:scripting/monoscript/fileName/CollectionHelper.cs: f2f5ea727aa85849eaae278bca48a36c -> 
  custom:scripting/monoscript/fileName/IAnalysisViewSelectable.cs: 17b1c6e15a2b14202e8a19d0d77c814b -> 
  custom:scripting/monoscript/fileName/ILPostProcessing.cs: bf24e0d53d12752a069f04d5a4bfdf42 -> 
========================================================================
Received Import Request.
  Time since last request: 1757149.304232 seconds.
  path: Assets/UI/엔딩리스트/사진있는 폴라로이드/4.png
  artifactKey: Guid(4721a493e94f30e4a893662e12cf97bb) Importer(815301076,1909f56bfc062723c751e8b465ee728b)
Start importing Assets/UI/엔딩리스트/사진있는 폴라로이드/4.png using Guid(4721a493e94f30e4a893662e12cf97bb) Importer(815301076,1909f56bfc062723c751e8b465ee728b)  -> (artifact id: 'f76ccaefa5b882294ffe589225fd8015') in 0.141181 seconds
Number of updated asset objects reloaded before import = 0
Number of asset objects unloaded after import = 3
========================================================================
Received Import Request.
  Time since last request: 17.301846 seconds.
  path: Assets/UI/엔딩리스트/사진있는 폴라로이드/4.png
  artifactKey: Guid(4721a493e94f30e4a893662e12cf97bb) Importer(815301076,1909f56bfc062723c751e8b465ee728b)
Start importing Assets/UI/엔딩리스트/사진있는 폴라로이드/4.png using Guid(4721a493e94f30e4a893662e12cf97bb) Importer(815301076,1909f56bfc062723c751e8b465ee728b)  -> (artifact id: '11fe706b89cbf0038b7cc6739e968bf5') in 0.022689 seconds
Number of updated asset objects reloaded before import = 0
Number of asset objects unloaded after import = 3
========================================================================
Received Import Request.
  Time since last request: 0.000026 seconds.
  path: Assets/UI/엔딩리스트/사진있는 폴라로이드/8.png
  artifactKey: Guid(98a699fc21ed192459453a19c86b874d) Importer(815301076,1909f56bfc062723c751e8b465ee728b)
Start importing Assets/UI/엔딩리스트/사진있는 폴라로이드/8.png using Guid(98a699fc21ed192459453a19c86b874d) Importer(815301076,1909f56bfc062723c751e8b465ee728b)  -> (artifact id: '080aea4fb9806c66b4ec2833c1d5f424') in 0.029256 seconds
Number of updated asset objects reloaded before import = 0
Number of asset objects unloaded after import = 3
========================================================================
Received Import Request.
  Time since last request: 11.822493 seconds.
  path: Assets/UI/엔딩리스트/사진있는 폴라로이드/4.png
  artifactKey: Guid(4721a493e94f30e4a893662e12cf97bb) Importer(815301076,1909f56bfc062723c751e8b465ee728b)
Start importing Assets/UI/엔딩리스트/사진있는 폴라로이드/4.png using Guid(4721a493e94f30e4a893662e12cf97bb) Importer(815301076,1909f56bfc062723c751e8b465ee728b)  -> (artifact id: '89f11f4146c82415348d70dc107d9b1b') in 0.020795 seconds
Number of updated asset objects reloaded before import = 0
Number of asset objects unloaded after import = 3
========================================================================
Received Import Request.
  Time since last request: 0.000029 seconds.
  path: Assets/UI/엔딩리스트/사진있는 폴라로이드/7.png
  artifactKey: Guid(73a10eb7c220f0d46853925c9bfd9d76) Importer(815301076,1909f56bfc062723c751e8b465ee728b)
Start importing Assets/UI/엔딩리스트/사진있는 폴라로이드/7.png using Guid(73a10eb7c220f0d46853925c9bfd9d76) Importer(815301076,1909f56bfc062723c751e8b465ee728b)  -> (artifact id: '9fb6f6349b3fa0c61c89ea70a1460730') in 0.035994 seconds
Number of updated asset objects reloaded before import = 0
Number of asset objects unloaded after import = 3
========================================================================
Received Import Request.
  Time since last request: 0.000017 seconds.
  path: Assets/UI/엔딩리스트/사진있는 폴라로이드/6.png
  artifactKey: Guid(4711c6501326748488191fad37f71068) Importer(815301076,1909f56bfc062723c751e8b465ee728b)
Start importing Assets/UI/엔딩리스트/사진있는 폴라로이드/6.png using Guid(4711c6501326748488191fad37f71068) Importer(815301076,1909f56bfc062723c751e8b465ee728b)  -> (artifact id: '7717c69a1aeaf9b6064043f9e47f78e2') in 0.026423 seconds
Number of updated asset objects reloaded before import = 0
Number of asset objects unloaded after import = 3
